
> padap-intelligence@0.1.0 dev
> vite --host 127.0.0.1 --port 5173

Port 5173 is in use, trying another one...
Port 5174 is in use, trying another one...
Port 5175 is in use, trying another one...

  [32m[1mVITE[22m v7.3.3[39m  [2mready in [0m[1m1200[22m[2m[0m ms[22m

  [32m➜[39m  [1mLocal[22m:   [36mhttp://127.0.0.1:[1m5176[22m/[39m
[2m21:01:41[22m [36m[1m[vite][22m[39m [90m[2m(client)[22m[39m [32mhmr update [39m[2m/src/styles.css[22m
[2m21:01:42[22m [36m[1m[vite][22m[39m [90m[2m(client)[22m[39m [32mhmr update [39m[2m/src/styles.css[22m
[2m21:02:06[22m [36m[1m[vite][22m[39m [90m[2m(client)[22m[39m [32mhmr update [39m[2m/src/styles.css, /src/pages/MarketIntelligence.tsx, /src/pages/BroadcastList.tsx, /src/components/market/MarketReportModal.tsx, /src/components/market/WhatsAppReportModal.tsx[22m
[2m21:02:07[22m [36m[1m[vite][22m[39m [90m[2m(client)[22m[39m [32mhmr update [39m[2m/src/styles.css, /src/pages/MarketIntelligence.tsx, /src/pages/BroadcastList.tsx, /src/components/market/MarketReportModal.tsx, /src/components/market/WhatsAppReportModal.tsx[22m
[2m21:02:46[22m [36m[1m[vite][22m[39m [90m[2m(client)[22m[39m [32mhmr update [39m[2m/src/styles.css, /src/pages/MarketIntelligence.tsx, /src/pages/BroadcastList.tsx, /src/components/market/MarketReportModal.tsx, /src/components/market/WhatsAppReportModal.tsx[22m
[2m21:02:47[22m [36m[1m[vite][22m[39m [90m[2m(client)[22m[39m [32mhmr update [39m[2m/src/styles.css, /src/pages/MarketIntelligence.tsx, /src/pages/BroadcastList.tsx, /src/components/market/MarketReportModal.tsx, /src/components/market/WhatsAppReportModal.tsx[22m
[2m21:02:59[22m [36m[1m[vite][22m[39m [90m[2m(client)[22m[39m [32mhmr update [39m[2m/src/pages/MarketIntelligence.tsx, /src/styles.css[22m
[2m21:03:00[22m [36m[1m[vite][22m[39m [90m[2m(client)[22m[39m [32mhmr update [39m[2m/src/pages/MarketIntelligence.tsx, /src/styles.css[22m
[2m21:03:04[22m [36m[1m[vite][22m[39m [90m[2m(client)[22m[39m [32mhmr update [39m[2m/src/pages/MarketIntelligence.tsx, /src/styles.css[22m
[2m21:03:05[22m [36m[1m[vite][22m[39m [90m[2m(client)[22m[39m [32mhmr update [39m[2m/src/pages/MarketIntelligence.tsx, /src/styles.css[22m
[2m21:04:30[22m [36m[1m[vite][22m[39m [90m[2m(client)[22m[39m [32mhmr update [39m[2m/src/pages/MarketIntelligence.tsx, /src/styles.css[22m
[2m21:04:31[22m [36m[1m[vite][22m[39m [90m[2m(client)[22m[39m [32mhmr update [39m[2m/src/pages/MarketIntelligence.tsx, /src/styles.css[22m
[2m21:05:12[22m [36m[1m[vite][22m[39m [90m[2m(client)[22m[39m [32mhmr update [39m[2m/src/pages/MarketIntelligence.tsx, /src/styles.css[22m
[2m21:05:13[22m [36m[1m[vite][22m[39m [90m[2m(client)[22m[39m [32mhmr update [39m[2m/src/pages/MarketIntelligence.tsx, /src/styles.css[22m
tIntelligence.tsx, /src/styles.css[22m
[2m21:03:05[22m [36m[1m[vite][22m[39m [90m[2m(client)[22m[39m [32mhmr update [39m[2m/src/pages/MarketIntelligence.tsx, /src/styles.css[22m
[2m21:04:30[22m [36m[1m[vite][22m[39m [90m[2m(client)[22m[39m [32mhmr update [39m[2m/src/pages/MarketIntelligence.tsx, /src/styles.css[22m
[2m21:04:31[22m [36m[1m[vite][22m[39m [90m[2m(client)[22m[39m [32mhmr update [39m[2m/src/pages/MarketIntelligence.tsx, /src/styles.css[22m
[2m21:05:12[22m [36m[1m[vite][22m[39m [90m[2m(client)[22m[39m [32mhmr update [39m[2m/src/pages/MarketIntelligence.tsx, /src/styles.css[22m
[2m21:05:13[22m [36m[1m[vite][22m[39m [90m[2m(client)[22m[39m [32mhmr update [39m[2m/src/pages/MarketIntelligence.tsx, /src/styles.css[22m
